2017-10-21 15:26:17 testresult.py methed:handle_test_begin line:371 INFO - 测试用例:ERGODIC 所有者:YoungLiu 优先级:High 超时:666分钟

2017-10-21 15:26:17 testresult.py methed:handle_step_begin line:403 INFO - 步骤1: 初始化环境

2017-10-21 15:26:17 luadriver.py methed:creatLuaDriver line:47 INFO - creat luadriver
2017-10-21 15:26:56 luadriver.py methed:creatLuaDriver line:53 ERROR - Traceback (most recent call last):
  File "D:\Python27\lib\site-packages\rainbow2_python-1.0.0-py2.7.egg\appiumcenter\luadriver.py", line 50, in creatLuaDriver
    __global_luadriver=webdriver.Remote(luaurl, self.capabilities)
  File "D:\Python27\lib\site-packages\rainbow2_python-1.0.0-py2.7.egg\appium_rainbow\webdriver\webdriver.py", line 36, in __init__
    super(WebDriver, self).__init__(command_executor, desired_capabilities, browser_profile, proxy, keep_alive)
  File "D:\Python27\lib\site-packages\rainbow2_python-1.0.0-py2.7.egg\selenium_rainbow\webdriver\remote\webdriver.py", line 98, in __init__
    self.start_session(desired_capabilities, browser_profile)
  File "D:\Python27\lib\site-packages\rainbow2_python-1.0.0-py2.7.egg\selenium_rainbow\webdriver\remote\webdriver.py", line 185, in start_session
    response = self.execute(Command.NEW_SESSION, parameters)
  File "D:\Python27\lib\site-packages\rainbow2_python-1.0.0-py2.7.egg\selenium_rainbow\webdriver\remote\webdriver.py", line 254, in execute
    response = self.command_executor.execute(driver_command, params)
  File "D:\Python27\lib\site-packages\rainbow2_python-1.0.0-py2.7.egg\selenium_rainbow\webdriver\remote\remote_connection.py", line 479, in execute
    return self._request(command_info[0], url, body=data)
  File "D:\Python27\lib\site-packages\rainbow2_python-1.0.0-py2.7.egg\selenium_rainbow\webdriver\remote\remote_connection.py", line 540, in _request
    resp = opener.open(request, timeout=self._timeout)
  File "D:\Python27\lib\urllib2.py", line 429, in open
    response = self._open(req, data)
  File "D:\Python27\lib\urllib2.py", line 447, in _open
    '_open', req)
  File "D:\Python27\lib\urllib2.py", line 407, in _call_chain
    result = func(*args)
  File "D:\Python27\lib\urllib2.py", line 1228, in http_open
    return self.do_open(httplib.HTTPConnection, req)
  File "D:\Python27\lib\urllib2.py", line 1201, in do_open
    r = h.getresponse(buffering=True)
  File "D:\Python27\lib\httplib.py", line 1136, in getresponse
    response.begin()
  File "D:\Python27\lib\httplib.py", line 453, in begin
    version, status, reason = self._read_status()
  File "D:\Python27\lib\httplib.py", line 409, in _read_status
    line = self.fp.readline(_MAXLINE + 1)
  File "D:\Python27\lib\socket.py", line 480, in readline
    data = self._sock.recv(self._rbufsize)
error: [Errno 10054] 

2017-10-21 15:26:59 element.py methed:screenshot line:115 INFO - 截图失败
2017-10-21 15:28:19 testresult.py methed:handle_test_begin line:371 INFO - 测试用例:ERGODIC 所有者:YoungLiu 优先级:High 超时:666分钟

2017-10-21 15:28:19 testresult.py methed:handle_step_begin line:403 INFO - 步骤1: 初始化环境

2017-10-21 15:28:19 luadriver.py methed:creatLuaDriver line:47 INFO - creat luadriver
2017-10-21 15:29:22 testresult.py methed:handle_step_begin line:403 INFO - 步骤2: 等待页面加载完成

2017-10-21 15:29:23 element.py methed:wait_element line:77 INFO - current element name:同步标志
2017-10-21 15:51:30 testresult.py methed:handle_test_begin line:371 INFO - 测试用例:ERGODIC 所有者:YoungLiu 优先级:High 超时:666分钟

2017-10-21 15:51:30 testresult.py methed:handle_step_begin line:403 INFO - 步骤1: 初始化环境

2017-10-21 15:51:30 luadriver.py methed:creatLuaDriver line:47 INFO - creat luadriver
2017-10-21 15:51:56 testresult.py methed:handle_step_begin line:403 INFO - 步骤2: 等待页面加载完成

2017-10-21 15:52:18 element.py methed:wait_element line:77 INFO - current element name:同步标志
2017-10-21 16:03:00 testresult.py methed:handle_test_begin line:371 INFO - 测试用例:ERGODIC 所有者:YoungLiu 优先级:High 超时:666分钟

2017-10-21 16:03:00 testresult.py methed:handle_step_begin line:403 INFO - 步骤1: 初始化环境

2017-10-21 16:03:00 luadriver.py methed:creatLuaDriver line:47 INFO - creat luadriver
2017-10-21 16:03:23 testresult.py methed:handle_step_begin line:403 INFO - 步骤2: 等待页面加载完成

2017-10-21 16:03:23 element.py methed:wait_element line:77 INFO - current element name:同步标志
2017-10-21 16:03:45 element.py methed:screenshot line:113 INFO - 截图成功
2017-10-21 16:03:45 luadriver.py methed:closeLuadriver line:56 INFO - close luadriver
2017-10-21 16:03:52 testresult.py methed:handle_test_end line:386 INFO - 测试用例执行时间: 00:00:51.50

2017-10-21 16:04:02 testresult.py methed:handle_test_begin line:371 INFO - 测试用例:ERGODIC 所有者:YoungLiu 优先级:High 超时:666分钟

2017-10-21 16:04:02 testresult.py methed:handle_step_begin line:403 INFO - 步骤1: 初始化环境

2017-10-21 16:04:02 luadriver.py methed:creatLuaDriver line:47 INFO - creat luadriver
2017-10-21 16:04:25 testresult.py methed:handle_step_begin line:403 INFO - 步骤2: 等待页面加载完成

2017-10-21 16:04:50 element.py methed:wait_element line:77 INFO - current element name:同步标志
2017-10-21 16:05:48 luadriver.py methed:closeLuadriver line:56 INFO - close luadriver
2017-10-21 16:06:01 testresult.py methed:handle_test_end line:386 INFO - 测试用例执行时间: 00:01:59.30

2017-10-21 16:06:16 testresult.py methed:handle_test_begin line:371 INFO - 测试用例:ERGODIC 所有者:YoungLiu 优先级:High 超时:666分钟

2017-10-21 16:06:16 testresult.py methed:handle_step_begin line:403 INFO - 步骤1: 初始化环境

2017-10-21 16:06:16 luadriver.py methed:creatLuaDriver line:47 INFO - creat luadriver
2017-10-21 16:06:40 testresult.py methed:handle_step_begin line:403 INFO - 步骤2: 等待页面加载完成

2017-10-21 16:07:12 element.py methed:wait_element line:77 INFO - current element name:同步标志
2017-10-21 16:07:36 luadriver.py methed:closeLuadriver line:56 INFO - close luadriver
2017-10-21 16:13:53 testresult.py methed:handle_test_end line:386 INFO - 测试用例执行时间: 00:07:36.55

2017-10-21 16:14:17 testresult.py methed:handle_test_begin line:371 INFO - 测试用例:ERGODIC 所有者:YoungLiu 优先级:High 超时:666分钟

2017-10-21 16:14:17 testresult.py methed:handle_step_begin line:403 INFO - 步骤1: 初始化环境

2017-10-21 16:14:17 luadriver.py methed:creatLuaDriver line:47 INFO - creat luadriver
2017-10-21 16:14:39 testresult.py methed:handle_step_begin line:403 INFO - 步骤2: 等待页面加载完成

2017-10-21 16:15:48 element.py methed:wait_element line:77 INFO - current element name:同步标志
2017-10-21 16:16:24 luadriver.py methed:closeLuadriver line:56 INFO - close luadriver
2017-10-21 16:16:35 testresult.py methed:handle_test_end line:386 INFO - 测试用例执行时间: 00:02:18.43

2017-10-21 16:21:50 testresult.py methed:handle_test_begin line:371 INFO - 测试用例:ERGODIC 所有者:YoungLiu 优先级:High 超时:666分钟

2017-10-21 16:21:50 testresult.py methed:handle_step_begin line:403 INFO - 步骤1: 初始化环境

2017-10-21 16:21:50 luadriver.py methed:creatLuaDriver line:47 INFO - creat luadriver
2017-10-21 16:22:13 testresult.py methed:handle_step_begin line:403 INFO - 步骤2: 等待页面加载完成

2017-10-21 16:22:47 element.py methed:wait_element line:77 INFO - current element name:同步标志
2017-10-21 16:23:00 luadriver.py methed:closeLuadriver line:56 INFO - close luadriver
2017-10-21 16:23:09 testresult.py methed:handle_test_end line:386 INFO - 测试用例执行时间: 00:01:18.85

2017-10-21 16:25:48 testresult.py methed:handle_test_begin line:371 INFO - 测试用例:ERGODIC 所有者:YoungLiu 优先级:High 超时:666分钟

2017-10-21 16:25:48 testresult.py methed:handle_step_begin line:403 INFO - 步骤1: 初始化环境

2017-10-21 16:25:48 luadriver.py methed:creatLuaDriver line:47 INFO - creat luadriver
2017-10-21 16:26:10 testresult.py methed:handle_step_begin line:403 INFO - 步骤2: 等待页面加载完成

2017-10-21 16:26:31 element.py methed:wait_element line:77 INFO - current element name:同步标志
2017-10-21 16:27:01 luadriver.py methed:closeLuadriver line:56 INFO - close luadriver
2017-10-21 16:27:15 testresult.py methed:handle_test_end line:386 INFO - 测试用例执行时间: 00:01:26.91

2017-10-21 16:27:58 testresult.py methed:handle_test_begin line:371 INFO - 测试用例:ERGODIC 所有者:YoungLiu 优先级:High 超时:666分钟

2017-10-21 16:27:58 testresult.py methed:handle_step_begin line:403 INFO - 步骤1: 初始化环境

2017-10-21 16:27:58 luadriver.py methed:creatLuaDriver line:47 INFO - creat luadriver
2017-10-21 16:28:21 testresult.py methed:handle_step_begin line:403 INFO - 步骤2: 等待页面加载完成

2017-10-21 16:28:47 element.py methed:wait_element line:77 INFO - current element name:同步标志
2017-10-21 16:30:13 luadriver.py methed:closeLuadriver line:56 INFO - close luadriver
2017-10-21 16:30:21 testresult.py methed:handle_test_end line:386 INFO - 测试用例执行时间: 00:02:23.13

2017-10-21 16:30:58 testresult.py methed:handle_test_begin line:371 INFO - 测试用例:ERGODIC 所有者:YoungLiu 优先级:High 超时:666分钟

2017-10-21 16:30:58 testresult.py methed:handle_step_begin line:403 INFO - 步骤1: 初始化环境

2017-10-21 16:30:58 luadriver.py methed:creatLuaDriver line:47 INFO - creat luadriver
2017-10-21 16:31:21 testresult.py methed:handle_step_begin line:403 INFO - 步骤2: 等待页面加载完成

2017-10-21 16:31:50 element.py methed:wait_element line:77 INFO - current element name:同步标志
2017-10-21 16:32:31 luadriver.py methed:closeLuadriver line:56 INFO - close luadriver
2017-10-21 16:32:51 testresult.py methed:handle_test_end line:386 INFO - 测试用例执行时间: 00:01:53.29

2017-10-21 16:36:56 testresult.py methed:handle_test_begin line:371 INFO - 测试用例:ERGODIC 所有者:YoungLiu 优先级:High 超时:666分钟

2017-10-21 16:36:56 testresult.py methed:handle_step_begin line:403 INFO - 步骤1: 初始化环境

2017-10-21 16:36:56 luadriver.py methed:creatLuaDriver line:47 INFO - creat luadriver
2017-10-21 16:37:47 testresult.py methed:handle_step_begin line:403 INFO - 步骤2: 等待页面加载完成

2017-10-21 16:37:52 element.py methed:wait_element line:77 INFO - current element name:同步标志
2017-10-21 16:55:16 testresult.py methed:handle_test_begin line:371 INFO - 测试用例:ERGODIC 所有者:YoungLiu 优先级:High 超时:666分钟

2017-10-21 16:55:16 testresult.py methed:handle_step_begin line:403 INFO - 步骤1: 初始化环境

2017-10-21 16:55:16 luadriver.py methed:creatLuaDriver line:47 INFO - creat luadriver
2017-10-21 16:55:39 testresult.py methed:handle_step_begin line:403 INFO - 步骤2: 等待页面加载完成

2017-10-21 16:56:04 element.py methed:wait_element line:77 INFO - current element name:同步标志
2017-10-21 16:56:44 luadriver.py methed:closeLuadriver line:56 INFO - close luadriver
2017-10-21 16:56:53 testresult.py methed:handle_test_end line:386 INFO - 测试用例执行时间: 00:01:36.98

2017-10-21 16:59:03 testresult.py methed:handle_test_begin line:371 INFO - 测试用例:ERGODIC 所有者:YoungLiu 优先级:High 超时:666分钟

2017-10-21 16:59:03 testresult.py methed:handle_step_begin line:403 INFO - 步骤1: 初始化环境

2017-10-21 16:59:03 luadriver.py methed:creatLuaDriver line:47 INFO - creat luadriver
2017-10-21 16:59:26 testresult.py methed:handle_step_begin line:403 INFO - 步骤2: 等待页面加载完成

2017-10-21 16:59:56 element.py methed:wait_element line:77 INFO - current element name:同步标志
2017-10-21 17:02:08 testresult.py methed:handle_test_begin line:371 INFO - 测试用例:ERGODIC 所有者:YoungLiu 优先级:High 超时:666分钟

2017-10-21 17:02:08 testresult.py methed:handle_step_begin line:403 INFO - 步骤1: 初始化环境

2017-10-21 17:02:08 luadriver.py methed:creatLuaDriver line:47 INFO - creat luadriver
2017-10-21 17:02:08 luadriver.py methed:creatLuaDriver line:53 ERROR - Traceback (most recent call last):
  File "D:\Python27\lib\site-packages\rainbow2_python-1.0.0-py2.7.egg\appiumcenter\luadriver.py", line 50, in creatLuaDriver
    __global_luadriver=webdriver.Remote(luaurl, self.capabilities)
  File "D:\Python27\lib\site-packages\rainbow2_python-1.0.0-py2.7.egg\appium_rainbow\webdriver\webdriver.py", line 36, in __init__
    super(WebDriver, self).__init__(command_executor, desired_capabilities, browser_profile, proxy, keep_alive)
  File "D:\Python27\lib\site-packages\rainbow2_python-1.0.0-py2.7.egg\selenium_rainbow\webdriver\remote\webdriver.py", line 98, in __init__
    self.start_session(desired_capabilities, browser_profile)
  File "D:\Python27\lib\site-packages\rainbow2_python-1.0.0-py2.7.egg\selenium_rainbow\webdriver\remote\webdriver.py", line 185, in start_session
    response = self.execute(Command.NEW_SESSION, parameters)
  File "D:\Python27\lib\site-packages\rainbow2_python-1.0.0-py2.7.egg\selenium_rainbow\webdriver\remote\webdriver.py", line 256, in execute
    self.error_handler.check_response(response)
  File "D:\Python27\lib\site-packages\rainbow2_python-1.0.0-py2.7.egg\selenium_rainbow\webdriver\remote\errorhandler.py", line 193, in check_response
    raise exception_class(message, screen, stacktrace)
WebDriverException: Message: A new session could not be created. Details: Problem getting session data for driver type AndroidDriver; does it implement 'get driverData'?


2017-10-21 17:02:11 element.py methed:screenshot line:115 INFO - 截图失败
2017-10-21 17:02:11 testresult.py methed:handle_step_begin line:403 INFO - 步骤2: 等待页面加载完成

2017-10-21 17:02:38 testresult.py methed:handle_test_begin line:371 INFO - 测试用例:ERGODIC 所有者:YoungLiu 优先级:High 超时:666分钟

2017-10-21 17:02:38 testresult.py methed:handle_step_begin line:403 INFO - 步骤1: 初始化环境

2017-10-21 17:02:38 luadriver.py methed:creatLuaDriver line:47 INFO - creat luadriver
2017-10-21 17:03:01 testresult.py methed:handle_step_begin line:403 INFO - 步骤2: 等待页面加载完成

2017-10-21 17:03:23 element.py methed:wait_element line:77 INFO - current element name:同步标志
2017-10-21 17:03:59 luadriver.py methed:closeLuadriver line:56 INFO - close luadriver
2017-10-21 18:51:36 testresult.py methed:handle_test_begin line:371 INFO - 测试用例:ERGODIC 所有者:YoungLiu 优先级:High 超时:666分钟

2017-10-21 18:51:36 testresult.py methed:handle_step_begin line:403 INFO - 步骤1: 初始化环境

2017-10-21 18:51:36 luadriver.py methed:creatLuaDriver line:47 INFO - creat luadriver
2017-10-21 18:54:41 testresult.py methed:handle_step_begin line:403 INFO - 步骤2: 等待页面加载完成

2017-10-21 18:54:42 element.py methed:wait_element line:77 INFO - current element name:同步标志
2017-10-21 18:55:29 element.py methed:screenshot line:113 INFO - 截图成功
2017-10-21 19:02:03 testresult.py methed:handle_test_begin line:371 INFO - 测试用例:ERGODIC 所有者:YoungLiu 优先级:High 超时:666分钟

2017-10-21 19:02:03 testresult.py methed:handle_step_begin line:403 INFO - 步骤1: 初始化环境

2017-10-21 19:02:03 luadriver.py methed:creatLuaDriver line:47 INFO - creat luadriver
2017-10-21 19:03:40 testresult.py methed:handle_step_begin line:403 INFO - 步骤2: 等待页面加载完成

2017-10-21 19:03:42 element.py methed:wait_element line:77 INFO - current element name:同步标志
2017-10-21 19:04:37 element.py methed:screenshot line:113 INFO - 截图成功
2017-10-21 19:06:59 luadriver.py methed:closeLuadriver line:56 INFO - close luadriver
2017-10-21 19:07:01 element.py methed:screenshot line:115 INFO - 截图失败
2017-10-21 19:07:03 testresult.py methed:handle_test_end line:386 INFO - 测试用例执行时间: 00:05:0.54

2017-10-21 19:07:26 testresult.py methed:handle_test_begin line:371 INFO - 测试用例:ERGODIC 所有者:YoungLiu 优先级:High 超时:666分钟

2017-10-21 19:07:26 testresult.py methed:handle_step_begin line:403 INFO - 步骤1: 初始化环境

2017-10-21 19:07:26 luadriver.py methed:creatLuaDriver line:47 INFO - creat luadriver
2017-10-21 19:08:18 testresult.py methed:handle_step_begin line:403 INFO - 步骤2: 等待页面加载完成

2017-10-21 19:08:18 element.py methed:wait_element line:77 INFO - current element name:同步标志
2017-10-21 19:15:09 luadriver.py methed:closeLuadriver line:56 INFO - close luadriver
2017-10-21 19:15:20 testresult.py methed:handle_test_end line:386 INFO - 测试用例执行时间: 00:07:53.45

