2017-10-17 10:18:42 testresult.py methed:handle_test_begin line:371 INFO - 测试用例:ERGODIC 所有者:YoungLiu 优先级:High 超时:666分钟

2017-10-17 10:18:42 testresult.py methed:handle_step_begin line:403 INFO - 步骤1: 初始化环境

2017-10-17 10:18:42 luadriver.py methed:creatLuaDriver line:47 INFO - creat luadriver
2017-10-17 10:19:33 testresult.py methed:handle_step_begin line:403 INFO - 步骤2: 等待页面加载完成

2017-10-17 10:19:34 element.py methed:wait_element line:77 INFO - current element name:同步标志
2017-10-17 10:55:04 testresult.py methed:handle_test_begin line:371 INFO - 测试用例:ERGODIC 所有者:YoungLiu 优先级:High 超时:666分钟

2017-10-17 10:55:04 testresult.py methed:handle_step_begin line:403 INFO - 步骤1: 初始化环境

2017-10-17 10:55:04 luadriver.py methed:creatLuaDriver line:47 INFO - creat luadriver
2017-10-17 10:55:33 testresult.py methed:handle_step_begin line:403 INFO - 步骤2: 等待页面加载完成

2017-10-17 10:55:34 element.py methed:wait_element line:77 INFO - current element name:同步标志
2017-10-17 11:05:43 testresult.py methed:handle_test_begin line:371 INFO - 测试用例:ERGODIC 所有者:YoungLiu 优先级:High 超时:666分钟

2017-10-17 11:05:43 testresult.py methed:handle_step_begin line:403 INFO - 步骤1: 初始化环境

2017-10-17 11:05:43 luadriver.py methed:creatLuaDriver line:47 INFO - creat luadriver
2017-10-17 11:06:15 testresult.py methed:handle_step_begin line:403 INFO - 步骤2: 等待页面加载完成

2017-10-17 11:06:16 element.py methed:wait_element line:77 INFO - current element name:同步标志
2017-10-17 11:12:00 testresult.py methed:handle_test_begin line:371 INFO - 测试用例:ERGODIC 所有者:YoungLiu 优先级:High 超时:666分钟

2017-10-17 11:12:00 testresult.py methed:handle_step_begin line:403 INFO - 步骤1: 初始化环境

2017-10-17 11:12:00 luadriver.py methed:creatLuaDriver line:47 INFO - creat luadriver
2017-10-17 11:14:55 testresult.py methed:handle_test_begin line:371 INFO - 测试用例:ERGODIC 所有者:YoungLiu 优先级:High 超时:666分钟

2017-10-17 11:14:55 testresult.py methed:handle_step_begin line:403 INFO - 步骤1: 初始化环境

2017-10-17 11:14:55 luadriver.py methed:creatLuaDriver line:47 INFO - creat luadriver
2017-10-17 11:15:49 testresult.py methed:handle_step_begin line:403 INFO - 步骤2: 等待页面加载完成

2017-10-17 11:15:50 element.py methed:wait_element line:77 INFO - current element name:同步标志
2017-10-17 11:27:16 element.py methed:screenshot line:113 INFO - 截图成功
2017-10-17 19:49:22 testresult.py methed:handle_test_begin line:371 INFO - 测试用例:ERGODIC 所有者:YoungLiu 优先级:High 超时:666分钟

2017-10-17 19:49:22 testresult.py methed:handle_step_begin line:403 INFO - 步骤1: 初始化环境

2017-10-17 19:49:22 luadriver.py methed:creatLuaDriver line:47 INFO - creat luadriver
2017-10-17 19:49:51 testresult.py methed:handle_step_begin line:403 INFO - 步骤2: 等待页面加载完成

2017-10-17 19:50:23 element.py methed:wait_element line:77 INFO - current element name:同步标志
2017-10-17 19:50:46 luadriver.py methed:closeLuadriver line:56 INFO - close luadriver
2017-10-17 19:53:31 testresult.py methed:handle_test_end line:386 INFO - 测试用例执行时间: 00:04:8.35

2017-10-17 19:54:01 testresult.py methed:handle_test_begin line:371 INFO - 测试用例:ERGODIC 所有者:YoungLiu 优先级:High 超时:666分钟

2017-10-17 19:54:01 testresult.py methed:handle_step_begin line:403 INFO - 步骤1: 初始化环境

2017-10-17 19:54:01 luadriver.py methed:creatLuaDriver line:47 INFO - creat luadriver
2017-10-17 19:54:28 testresult.py methed:handle_step_begin line:403 INFO - 步骤2: 等待页面加载完成

2017-10-17 19:55:02 element.py methed:wait_element line:77 INFO - current element name:同步标志
2017-10-17 19:55:07 luadriver.py methed:closeLuadriver line:56 INFO - close luadriver
2017-10-17 19:55:22 testresult.py methed:handle_test_end line:386 INFO - 测试用例执行时间: 00:01:21.50

2017-10-17 19:55:49 testresult.py methed:handle_test_begin line:371 INFO - 测试用例:ERGODIC 所有者:YoungLiu 优先级:High 超时:666分钟

2017-10-17 19:55:49 testresult.py methed:handle_step_begin line:403 INFO - 步骤1: 初始化环境

2017-10-17 19:55:49 luadriver.py methed:creatLuaDriver line:47 INFO - creat luadriver
2017-10-17 19:56:14 testresult.py methed:handle_step_begin line:403 INFO - 步骤2: 等待页面加载完成

2017-10-17 19:56:43 element.py methed:wait_element line:77 INFO - current element name:同步标志
2017-10-17 19:56:52 luadriver.py methed:closeLuadriver line:56 INFO - close luadriver
2017-10-17 19:57:09 testresult.py methed:handle_test_end line:386 INFO - 测试用例执行时间: 00:01:19.50

2017-10-17 20:02:35 testresult.py methed:handle_test_begin line:371 INFO - 测试用例:ERGODIC 所有者:YoungLiu 优先级:High 超时:666分钟

2017-10-17 20:02:35 testresult.py methed:handle_step_begin line:403 INFO - 步骤1: 初始化环境

2017-10-17 20:02:35 luadriver.py methed:creatLuaDriver line:47 INFO - creat luadriver
2017-10-17 20:02:59 testresult.py methed:handle_step_begin line:403 INFO - 步骤2: 等待页面加载完成

2017-10-17 20:03:18 element.py methed:wait_element line:77 INFO - current element name:同步标志
2017-10-17 20:03:47 element.py methed:screenshot line:113 INFO - 截图成功
2017-10-17 20:04:03 luadriver.py methed:closeLuadriver line:56 INFO - close luadriver
2017-10-17 20:04:17 testresult.py methed:handle_test_end line:386 INFO - 测试用例执行时间: 00:01:41.95

2017-10-17 20:04:42 testresult.py methed:handle_test_begin line:371 INFO - 测试用例:ERGODIC 所有者:YoungLiu 优先级:High 超时:666分钟

2017-10-17 20:04:42 testresult.py methed:handle_step_begin line:403 INFO - 步骤1: 初始化环境

2017-10-17 20:04:42 luadriver.py methed:creatLuaDriver line:47 INFO - creat luadriver
2017-10-17 20:05:06 testresult.py methed:handle_step_begin line:403 INFO - 步骤2: 等待页面加载完成

2017-10-17 20:05:06 element.py methed:wait_element line:77 INFO - current element name:同步标志
2017-10-17 20:05:26 element.py methed:screenshot line:113 INFO - 截图成功
2017-10-17 20:05:26 luadriver.py methed:closeLuadriver line:56 INFO - close luadriver
2017-10-17 20:05:33 testresult.py methed:handle_test_end line:386 INFO - 测试用例执行时间: 00:00:51.45

2017-10-17 20:05:37 testresult.py methed:handle_test_begin line:371 INFO - 测试用例:ERGODIC 所有者:YoungLiu 优先级:High 超时:666分钟

2017-10-17 20:05:37 testresult.py methed:handle_step_begin line:403 INFO - 步骤1: 初始化环境

2017-10-17 20:05:37 luadriver.py methed:creatLuaDriver line:47 INFO - creat luadriver
2017-10-17 20:06:02 testresult.py methed:handle_step_begin line:403 INFO - 步骤2: 等待页面加载完成

2017-10-17 20:06:28 element.py methed:wait_element line:77 INFO - current element name:同步标志
2017-10-17 20:06:47 element.py methed:screenshot line:113 INFO - 截图成功
2017-10-17 20:06:51 luadriver.py methed:closeLuadriver line:56 INFO - close luadriver
2017-10-17 20:07:01 testresult.py methed:handle_test_end line:386 INFO - 测试用例执行时间: 00:01:24.09

2017-10-17 20:12:32 testresult.py methed:handle_test_begin line:371 INFO - 测试用例:ERGODIC 所有者:YoungLiu 优先级:High 超时:666分钟

2017-10-17 20:12:32 testresult.py methed:handle_step_begin line:403 INFO - 步骤1: 初始化环境

2017-10-17 20:12:32 luadriver.py methed:creatLuaDriver line:47 INFO - creat luadriver
2017-10-17 20:12:57 testresult.py methed:handle_step_begin line:403 INFO - 步骤2: 等待页面加载完成

2017-10-17 20:13:21 element.py methed:wait_element line:77 INFO - current element name:同步标志
2017-10-17 20:13:36 element.py methed:screenshot line:113 INFO - 截图成功
2017-10-17 20:14:38 testresult.py methed:handle_test_begin line:371 INFO - 测试用例:ERGODIC 所有者:YoungLiu 优先级:High 超时:666分钟

2017-10-17 20:14:38 testresult.py methed:handle_step_begin line:403 INFO - 步骤1: 初始化环境

2017-10-17 20:14:38 luadriver.py methed:creatLuaDriver line:47 INFO - creat luadriver
2017-10-17 20:14:38 luadriver.py methed:creatLuaDriver line:53 ERROR - Traceback (most recent call last):
  File "D:\Python27\lib\site-packages\rainbow2_python-1.0.0-py2.7.egg\appiumcenter\luadriver.py", line 50, in creatLuaDriver
    __global_luadriver=webdriver.Remote(luaurl, self.capabilities)
  File "D:\Python27\lib\site-packages\rainbow2_python-1.0.0-py2.7.egg\appium_rainbow\webdriver\webdriver.py", line 36, in __init__
    super(WebDriver, self).__init__(command_executor, desired_capabilities, browser_profile, proxy, keep_alive)
  File "D:\Python27\lib\site-packages\rainbow2_python-1.0.0-py2.7.egg\selenium_rainbow\webdriver\remote\webdriver.py", line 98, in __init__
    self.start_session(desired_capabilities, browser_profile)
  File "D:\Python27\lib\site-packages\rainbow2_python-1.0.0-py2.7.egg\selenium_rainbow\webdriver\remote\webdriver.py", line 185, in start_session
    response = self.execute(Command.NEW_SESSION, parameters)
  File "D:\Python27\lib\site-packages\rainbow2_python-1.0.0-py2.7.egg\selenium_rainbow\webdriver\remote\webdriver.py", line 256, in execute
    self.error_handler.check_response(response)
  File "D:\Python27\lib\site-packages\rainbow2_python-1.0.0-py2.7.egg\selenium_rainbow\webdriver\remote\errorhandler.py", line 193, in check_response
    raise exception_class(message, screen, stacktrace)
WebDriverException: Message: A new session could not be created. Details: Problem getting session data for driver type AndroidDriver; does it implement 'get driverData'?


2017-10-17 20:14:40 element.py methed:screenshot line:115 INFO - 截图失败
2017-10-17 20:14:40 testresult.py methed:handle_step_begin line:403 INFO - 步骤2: 等待页面加载完成

2017-10-17 20:16:26 testresult.py methed:handle_test_begin line:371 INFO - 测试用例:ERGODIC 所有者:YoungLiu 优先级:High 超时:666分钟

2017-10-17 20:16:26 testresult.py methed:handle_step_begin line:403 INFO - 步骤1: 初始化环境

2017-10-17 20:16:26 luadriver.py methed:creatLuaDriver line:47 INFO - creat luadriver
2017-10-17 20:16:50 testresult.py methed:handle_step_begin line:403 INFO - 步骤2: 等待页面加载完成

2017-10-17 20:17:12 element.py methed:wait_element line:77 INFO - current element name:同步标志
2017-10-17 20:17:26 element.py methed:screenshot line:113 INFO - 截图成功
2017-10-17 20:17:30 luadriver.py methed:closeLuadriver line:56 INFO - close luadriver
2017-10-17 20:17:39 testresult.py methed:handle_test_end line:386 INFO - 测试用例执行时间: 00:01:13.27

