2017-10-05 14:46:40 testresult.py methed:handle_test_begin line:371 INFO - 测试用例:ERGODIC 所有者:YoungLiu 优先级:High 超时:10分钟

2017-10-05 14:46:40 testresult.py methed:handle_step_begin line:403 INFO - 步骤1: 初始化环境

2017-10-05 14:46:40 luadriver.py methed:creatLuaDriver line:47 INFO - creat luadriver
2017-10-05 14:47:07 testresult.py methed:handle_step_begin line:403 INFO - 步骤2: 等待页面加载完成

2017-10-05 14:47:07 element.py methed:wait_element line:77 INFO - current element name:同步标志
2017-10-05 14:47:29 element.py methed:screenshot line:113 INFO - 截图成功
2017-10-05 14:47:29 luadriver.py methed:closeLuadriver line:56 INFO - close luadriver
2017-10-05 14:47:36 testresult.py methed:handle_test_end line:386 INFO - 测试用例执行时间: 00:00:55.56

2017-10-05 14:47:49 testresult.py methed:handle_test_begin line:371 INFO - 测试用例:ERGODIC 所有者:YoungLiu 优先级:High 超时:10分钟

2017-10-05 14:47:49 testresult.py methed:handle_step_begin line:403 INFO - 步骤1: 初始化环境

2017-10-05 14:47:49 luadriver.py methed:creatLuaDriver line:47 INFO - creat luadriver
2017-10-05 14:48:13 testresult.py methed:handle_step_begin line:403 INFO - 步骤2: 等待页面加载完成

2017-10-05 14:48:33 element.py methed:wait_element line:77 INFO - current element name:同步标志
2017-10-05 14:57:05 testresult.py methed:handle_test_begin line:371 INFO - 测试用例:ERGODIC 所有者:YoungLiu 优先级:High 超时:10分钟

2017-10-05 14:57:05 testresult.py methed:handle_step_begin line:403 INFO - 步骤1: 初始化环境

2017-10-05 14:57:05 luadriver.py methed:creatLuaDriver line:47 INFO - creat luadriver
2017-10-05 14:58:03 testresult.py methed:handle_step_begin line:403 INFO - 步骤2: 等待页面加载完成

2017-10-05 14:58:31 element.py methed:wait_element line:77 INFO - current element name:同步标志
2017-10-05 15:06:26 testresult.py methed:handle_test_begin line:371 INFO - 测试用例:ERGODIC 所有者:YoungLiu 优先级:High 超时:10分钟

2017-10-05 15:06:26 testresult.py methed:handle_step_begin line:403 INFO - 步骤1: 初始化环境

2017-10-05 15:06:26 luadriver.py methed:creatLuaDriver line:47 INFO - creat luadriver
2017-10-05 15:07:30 testresult.py methed:handle_step_begin line:403 INFO - 步骤2: 等待页面加载完成

2017-10-05 15:07:35 element.py methed:wait_element line:77 INFO - current element name:同步标志
2017-10-05 15:09:46 element.py methed:screenshot line:115 INFO - 截图失败
2017-10-05 15:09:49 luadriver.py methed:closeLuadriver line:56 INFO - close luadriver
2017-10-05 15:09:52 element.py methed:screenshot line:115 INFO - 截图失败
2017-10-05 15:10:02 testresult.py methed:handle_test_begin line:371 INFO - 测试用例:ERGODIC 所有者:YoungLiu 优先级:High 超时:10分钟

2017-10-05 15:10:02 testresult.py methed:handle_step_begin line:403 INFO - 步骤1: 初始化环境

2017-10-05 15:10:02 luadriver.py methed:creatLuaDriver line:47 INFO - creat luadriver
2017-10-05 15:10:59 testresult.py methed:handle_step_begin line:403 INFO - 步骤2: 等待页面加载完成

2017-10-05 15:10:59 element.py methed:wait_element line:77 INFO - current element name:同步标志
2017-10-05 15:16:28 element.py methed:screenshot line:115 INFO - 截图失败
2017-10-05 15:16:28 testresult.py methed:handle_test_end line:386 INFO - 测试用例执行时间: 00:10:2.08

2017-10-05 15:17:53 element.py methed:screenshot line:113 INFO - 截图成功
2017-10-05 15:17:57 luadriver.py methed:closeLuadriver line:56 INFO - close luadriver
2017-10-05 15:18:07 testresult.py methed:handle_test_end line:386 INFO - 测试用例执行时间: 00:08:4.76

2017-10-05 18:23:19 testresult.py methed:handle_test_begin line:371 INFO - 测试用例:ERGODIC 所有者:YoungLiu 优先级:High 超时:10分钟

2017-10-05 18:23:20 testresult.py methed:handle_step_begin line:403 INFO - 步骤1: 初始化环境

2017-10-05 18:23:20 luadriver.py methed:creatLuaDriver line:47 INFO - creat luadriver
2017-10-05 18:24:23 testresult.py methed:handle_step_begin line:403 INFO - 步骤2: 等待页面加载完成

2017-10-05 18:24:24 element.py methed:wait_element line:77 INFO - current element name:同步标志
2017-10-05 18:27:43 testresult.py methed:handle_test_begin line:371 INFO - 测试用例:ERGODIC 所有者:YoungLiu 优先级:High 超时:10分钟

2017-10-05 18:27:43 testresult.py methed:handle_step_begin line:403 INFO - 步骤1: 初始化环境

2017-10-05 18:27:43 luadriver.py methed:creatLuaDriver line:47 INFO - creat luadriver
2017-10-05 18:27:52 testresult.py methed:handle_test_begin line:371 INFO - 测试用例:ERGODIC 所有者:YoungLiu 优先级:High 超时:10分钟

2017-10-05 18:27:52 testresult.py methed:handle_step_begin line:403 INFO - 步骤1: 初始化环境

2017-10-05 18:27:52 luadriver.py methed:creatLuaDriver line:47 INFO - creat luadriver
2017-10-05 18:28:07 testresult.py methed:handle_step_begin line:403 INFO - 步骤2: 等待页面加载完成

2017-10-05 18:28:07 element.py methed:wait_element line:77 INFO - current element name:同步标志
2017-10-05 18:28:07 luadriver.py methed:creatLuaDriver line:53 ERROR - Traceback (most recent call last):
  File "D:\Python27\lib\site-packages\rainbow2_python-1.0.0-py2.7.egg\appiumcenter\luadriver.py", line 50, in creatLuaDriver
    __global_luadriver=webdriver.Remote(luaurl, self.capabilities)
  File "D:\Python27\lib\site-packages\rainbow2_python-1.0.0-py2.7.egg\appium_rainbow\webdriver\webdriver.py", line 36, in __init__
    super(WebDriver, self).__init__(command_executor, desired_capabilities, browser_profile, proxy, keep_alive)
  File "D:\Python27\lib\site-packages\rainbow2_python-1.0.0-py2.7.egg\selenium_rainbow\webdriver\remote\webdriver.py", line 98, in __init__
    self.start_session(desired_capabilities, browser_profile)
  File "D:\Python27\lib\site-packages\rainbow2_python-1.0.0-py2.7.egg\selenium_rainbow\webdriver\remote\webdriver.py", line 185, in start_session
    response = self.execute(Command.NEW_SESSION, parameters)
  File "D:\Python27\lib\site-packages\rainbow2_python-1.0.0-py2.7.egg\selenium_rainbow\webdriver\remote\webdriver.py", line 256, in execute
    self.error_handler.check_response(response)
  File "D:\Python27\lib\site-packages\rainbow2_python-1.0.0-py2.7.egg\selenium_rainbow\webdriver\remote\errorhandler.py", line 193, in check_response
    raise exception_class(message, screen, stacktrace)
WebDriverException: Message: A new session could not be created. Details: Problem getting session data for driver type AndroidDriver; does it implement 'get driverData'?


2017-10-05 18:28:09 element.py methed:screenshot line:115 INFO - 截图失败
2017-10-05 18:28:22 element.py methed:screenshot line:115 INFO - 截图失败
2017-10-05 18:28:22 luadriver.py methed:closeLuadriver line:56 INFO - close luadriver
2017-10-05 18:28:24 element.py methed:screenshot line:115 INFO - 截图失败
2017-10-05 18:28:24 testresult.py methed:handle_test_end line:386 INFO - 测试用例执行时间: 00:00:40.94

2017-10-05 18:28:29 testresult.py methed:handle_test_begin line:371 INFO - 测试用例:ERGODIC 所有者:YoungLiu 优先级:High 超时:10分钟

2017-10-05 18:28:29 testresult.py methed:handle_step_begin line:403 INFO - 步骤1: 初始化环境

2017-10-05 18:28:29 luadriver.py methed:creatLuaDriver line:47 INFO - creat luadriver
2017-10-05 18:30:15 testresult.py methed:handle_test_begin line:371 INFO - 测试用例:ERGODIC 所有者:YoungLiu 优先级:High 超时:10分钟

2017-10-05 18:30:15 testresult.py methed:handle_step_begin line:403 INFO - 步骤1: 初始化环境

2017-10-05 18:30:15 luadriver.py methed:creatLuaDriver line:47 INFO - creat luadriver
2017-10-05 18:31:04 testresult.py methed:handle_step_begin line:403 INFO - 步骤2: 等待页面加载完成

2017-10-05 18:31:05 element.py methed:wait_element line:77 INFO - current element name:同步标志
2017-10-05 18:34:40 testresult.py methed:handle_test_begin line:371 INFO - 测试用例:ERGODIC 所有者:YoungLiu 优先级:High 超时:10分钟

2017-10-05 18:34:40 testresult.py methed:handle_step_begin line:403 INFO - 步骤1: 初始化环境

2017-10-05 18:34:40 luadriver.py methed:creatLuaDriver line:47 INFO - creat luadriver
2017-10-05 18:35:29 testresult.py methed:handle_step_begin line:403 INFO - 步骤2: 等待页面加载完成

2017-10-05 18:35:30 element.py methed:wait_element line:77 INFO - current element name:同步标志
2017-10-05 18:37:54 element.py methed:screenshot line:115 INFO - 截图失败
2017-10-05 18:37:54 luadriver.py methed:closeLuadriver line:56 INFO - close luadriver
2017-10-05 18:37:56 element.py methed:screenshot line:115 INFO - 截图失败
2017-10-05 18:37:56 testresult.py methed:handle_test_end line:386 INFO - 测试用例执行时间: 00:10:4.06

2017-10-05 18:39:49 element.py methed:screenshot line:113 INFO - 截图成功
2017-10-05 18:39:57 luadriver.py methed:closeLuadriver line:56 INFO - close luadriver
2017-10-05 18:40:08 testresult.py methed:handle_test_end line:386 INFO - 测试用例执行时间: 00:05:28.44

2017-10-05 18:58:40 testresult.py methed:handle_test_begin line:371 INFO - 测试用例:ERGODIC 所有者:YoungLiu 优先级:High 超时:10分钟

2017-10-05 18:58:40 testresult.py methed:handle_step_begin line:403 INFO - 步骤1: 初始化环境

2017-10-05 18:58:40 luadriver.py methed:creatLuaDriver line:47 INFO - creat luadriver
2017-10-05 18:59:38 testresult.py methed:handle_step_begin line:403 INFO - 步骤2: 等待页面加载完成

2017-10-05 18:59:39 element.py methed:wait_element line:77 INFO - current element name:同步标志
2017-10-05 19:01:20 element.py methed:screenshot line:113 INFO - 截图成功
2017-10-05 19:01:31 luadriver.py methed:closeLuadriver line:56 INFO - close luadriver
2017-10-05 19:01:42 testresult.py methed:handle_test_end line:386 INFO - 测试用例执行时间: 00:03:2.09

2017-10-05 19:02:43 testresult.py methed:handle_test_begin line:371 INFO - 测试用例:ERGODIC 所有者:YoungLiu 优先级:High 超时:10分钟

2017-10-05 19:02:43 testresult.py methed:handle_step_begin line:403 INFO - 步骤1: 初始化环境

2017-10-05 19:02:43 luadriver.py methed:creatLuaDriver line:47 INFO - creat luadriver
2017-10-05 19:03:27 testresult.py methed:handle_step_begin line:403 INFO - 步骤2: 等待页面加载完成

2017-10-05 19:03:29 element.py methed:wait_element line:77 INFO - current element name:同步标志
2017-10-05 19:07:48 element.py methed:screenshot line:113 INFO - 截图成功
2017-10-05 19:07:51 luadriver.py methed:closeLuadriver line:56 INFO - close luadriver
2017-10-05 19:08:10 testresult.py methed:handle_test_end line:386 INFO - 测试用例执行时间: 00:05:26.83

2017-10-05 20:00:13 testresult.py methed:handle_test_begin line:371 INFO - 测试用例:ERGODIC 所有者:YoungLiu 优先级:High 超时:10分钟

2017-10-05 20:00:13 testresult.py methed:handle_step_begin line:403 INFO - 步骤1: 初始化环境

2017-10-05 20:00:13 luadriver.py methed:creatLuaDriver line:47 INFO - creat luadriver
2017-10-05 20:00:38 testresult.py methed:handle_step_begin line:403 INFO - 步骤2: 等待页面加载完成

2017-10-05 20:00:38 element.py methed:wait_element line:77 INFO - current element name:同步标志
2017-10-05 20:00:58 element.py methed:screenshot line:113 INFO - 截图成功
2017-10-05 20:00:58 luadriver.py methed:closeLuadriver line:56 INFO - close luadriver
2017-10-05 20:01:05 testresult.py methed:handle_test_end line:386 INFO - 测试用例执行时间: 00:00:51.63

2017-10-05 20:01:11 testresult.py methed:handle_test_begin line:371 INFO - 测试用例:ERGODIC 所有者:YoungLiu 优先级:High 超时:10分钟

2017-10-05 20:01:11 testresult.py methed:handle_step_begin line:403 INFO - 步骤1: 初始化环境

2017-10-05 20:01:11 luadriver.py methed:creatLuaDriver line:47 INFO - creat luadriver
2017-10-05 20:02:00 testresult.py methed:handle_step_begin line:403 INFO - 步骤2: 等待页面加载完成

2017-10-05 20:02:02 element.py methed:wait_element line:77 INFO - current element name:同步标志
2017-10-05 20:07:24 testresult.py methed:handle_test_begin line:371 INFO - 测试用例:ERGODIC 所有者:YoungLiu 优先级:High 超时:10分钟

2017-10-05 20:07:24 testresult.py methed:handle_step_begin line:403 INFO - 步骤1: 初始化环境

2017-10-05 20:07:24 luadriver.py methed:creatLuaDriver line:47 INFO - creat luadriver
2017-10-05 20:08:11 testresult.py methed:handle_step_begin line:403 INFO - 步骤2: 等待页面加载完成

2017-10-05 20:08:12 element.py methed:wait_element line:77 INFO - current element name:同步标志
2017-10-05 20:17:30 element.py methed:screenshot line:113 INFO - 截图成功
2017-10-05 20:17:30 luadriver.py methed:closeLuadriver line:56 INFO - close luadriver
2017-10-05 20:17:37 testresult.py methed:handle_test_end line:386 INFO - 测试用例执行时间: 00:10:12.22

